<?xml version="1.0" encoding="UTF-8"?>
<testsuite xmlns:xsi="http://www.w3.org/2001/XMLSchema-instance" xsi:noNamespaceSchemaLocation="https://maven.apache.org/surefire/maven-surefire-plugin/xsd/surefire-test-report.xsd" name="org.nynui.springboot.eurekaServer.AppTest" time="0.032" tests="1" errors="0" skipped="0" failures="0">
  <properties>
    <property name="sun.desktop" value="windows"/>
    <property name="awt.toolkit" value="sun.awt.windows.WToolkit"/>
    <property name="file.encoding.pkg" value="sun.io"/>
    <property name="java.specification.version" value="1.8"/>
    <property name="sun.cpu.isalist" value="amd64"/>
    <property name="sun.jnu.encoding" value="GBK"/>
    <property name="java.class.path" value="D:\work\dev\test\nynui-parent\nynui-springboot-eurekaServer\target\test-classes;D:\work\dev\test\nynui-parent\nynui-springboot-eurekaServer\target\classes;D:\work\mvn\repo\org\springframework\boot\spring-boot-starter-test\2.0.2.RELEASE\spring-boot-starter-test-2.0.2.RELEASE.jar;D:\work\mvn\repo\org\springframework\boot\spring-boot-starter\2.0.2.RELEASE\spring-boot-starter-2.0.2.RELEASE.jar;D:\work\mvn\repo\org\springframework\boot\spring-boot\2.0.2.RELEASE\spring-boot-2.0.2.RELEASE.jar;D:\work\mvn\repo\org\springframework\spring-context\5.0.6.RELEASE\spring-context-5.0.6.RELEASE.jar;D:\work\mvn\repo\org\springframework\spring-beans\5.0.6.RELEASE\spring-beans-5.0.6.RELEASE.jar;D:\work\mvn\repo\org\springframework\spring-expression\5.0.6.RELEASE\spring-expression-5.0.6.RELEASE.jar;D:\work\mvn\repo\org\springframework\boot\spring-boot-autoconfigure\2.0.2.RELEASE\spring-boot-autoconfigure-2.0.2.RELEASE.jar;D:\work\mvn\repo\org\springframework\boot\spring-boot-starter-logging\2.0.2.RELEASE\spring-boot-starter-logging-2.0.2.RELEASE.jar;D:\work\mvn\repo\ch\qos\logback\logback-classic\1.2.3\logback-classic-1.2.3.jar;D:\work\mvn\repo\ch\qos\logback\logback-core\1.2.3\logback-core-1.2.3.jar;D:\work\mvn\repo\org\apache\logging\log4j\log4j-to-slf4j\2.10.0\log4j-to-slf4j-2.10.0.jar;D:\work\mvn\repo\org\apache\logging\log4j\log4j-api\2.10.0\log4j-api-2.10.0.jar;D:\work\mvn\repo\org\slf4j\jul-to-slf4j\1.7.25\jul-to-slf4j-1.7.25.jar;D:\work\mvn\repo\javax\annotation\javax.annotation-api\1.3.2\javax.annotation-api-1.3.2.jar;D:\work\mvn\repo\org\yaml\snakeyaml\1.19\snakeyaml-1.19.jar;D:\work\mvn\repo\org\springframework\boot\spring-boot-test\2.0.2.RELEASE\spring-boot-test-2.0.2.RELEASE.jar;D:\work\mvn\repo\org\springframework\boot\spring-boot-test-autoconfigure\2.0.2.RELEASE\spring-boot-test-autoconfigure-2.0.2.RELEASE.jar;D:\work\mvn\repo\com\jayway\jsonpath\json-path\2.4.0\json-path-2.4.0.jar;D:\work\mvn\repo\net\minidev\json-smart\2.3\json-smart-2.3.jar;D:\work\mvn\repo\net\minidev\accessors-smart\1.2\accessors-smart-1.2.jar;D:\work\mvn\repo\org\ow2\asm\asm\5.0.4\asm-5.0.4.jar;D:\work\mvn\repo\org\slf4j\slf4j-api\1.7.25\slf4j-api-1.7.25.jar;D:\work\mvn\repo\junit\junit\4.12\junit-4.12.jar;D:\work\mvn\repo\org\assertj\assertj-core\3.9.1\assertj-core-3.9.1.jar;D:\work\mvn\repo\org\mockito\mockito-core\2.15.0\mockito-core-2.15.0.jar;D:\work\mvn\repo\net\bytebuddy\byte-buddy\1.7.11\byte-buddy-1.7.11.jar;D:\work\mvn\repo\net\bytebuddy\byte-buddy-agent\1.7.11\byte-buddy-agent-1.7.11.jar;D:\work\mvn\repo\org\objenesis\objenesis\2.6\objenesis-2.6.jar;D:\work\mvn\repo\org\hamcrest\hamcrest-core\1.3\hamcrest-core-1.3.jar;D:\work\mvn\repo\org\hamcrest\hamcrest-library\1.3\hamcrest-library-1.3.jar;D:\work\mvn\repo\org\skyscreamer\jsonassert\1.5.0\jsonassert-1.5.0.jar;D:\work\mvn\repo\com\vaadin\external\google\android-json\0.0.20131108.vaadin1\android-json-0.0.20131108.vaadin1.jar;D:\work\mvn\repo\org\springframework\spring-core\5.0.6.RELEASE\spring-core-5.0.6.RELEASE.jar;D:\work\mvn\repo\org\springframework\spring-jcl\5.0.6.RELEASE\spring-jcl-5.0.6.RELEASE.jar;D:\work\mvn\repo\org\springframework\spring-test\5.0.6.RELEASE\spring-test-5.0.6.RELEASE.jar;D:\work\mvn\repo\org\xmlunit\xmlunit-core\2.5.1\xmlunit-core-2.5.1.jar;D:\work\mvn\repo\org\springframework\cloud\spring-cloud-starter-eureka-server\1.2.5.RELEASE\spring-cloud-starter-eureka-server-1.2.5.RELEASE.jar;D:\work\mvn\repo\org\springframework\cloud\spring-cloud-starter\1.1.7.RELEASE\spring-cloud-starter-1.1.7.RELEASE.jar;D:\work\mvn\repo\org\springframework\cloud\spring-cloud-context\1.1.7.RELEASE\spring-cloud-context-1.1.7.RELEASE.jar;D:\work\mvn\repo\org\springframework\security\spring-security-crypto\5.0.5.RELEASE\spring-security-crypto-5.0.5.RELEASE.jar;D:\work\mvn\repo\org\springframework\cloud\spring-cloud-commons\1.1.7.RELEASE\spring-cloud-commons-1.1.7.RELEASE.jar;D:\work\mvn\repo\org\springframework\security\spring-security-rsa\1.0.3.RELEASE\spring-security-rsa-1.0.3.RELEASE.jar;D:\work\mvn\repo\org\bouncycastle\bcpkix-jdk15on\1.55\bcpkix-jdk15on-1.55.jar;D:\work\mvn\repo\org\bouncycastle\bcprov-jdk15on\1.55\bcprov-jdk15on-1.55.jar;D:\work\mvn\repo\org\springframework\cloud\spring-cloud-netflix-eureka-server\1.2.5.RELEASE\spring-cloud-netflix-eureka-server-1.2.5.RELEASE.jar;D:\work\mvn\repo\org\springframework\boot\spring-boot-starter-web\2.0.2.RELEASE\spring-boot-starter-web-2.0.2.RELEASE.jar;D:\work\mvn\repo\org\springframework\boot\spring-boot-starter-json\2.0.2.RELEASE\spring-boot-starter-json-2.0.2.RELEASE.jar;D:\work\mvn\repo\com\fasterxml\jackson\datatype\jackson-datatype-jdk8\2.9.5\jackson-datatype-jdk8-2.9.5.jar;D:\work\mvn\repo\com\fasterxml\jackson\datatype\jackson-datatype-jsr310\2.9.5\jackson-datatype-jsr310-2.9.5.jar;D:\work\mvn\repo\com\fasterxml\jackson\module\jackson-module-parameter-names\2.9.5\jackson-module-parameter-names-2.9.5.jar;D:\work\mvn\repo\org\springframework\boot\spring-boot-starter-tomcat\2.0.2.RELEASE\spring-boot-starter-tomcat-2.0.2.RELEASE.jar;D:\work\mvn\repo\org\apache\tomcat\embed\tomcat-embed-core\8.5.31\tomcat-embed-core-8.5.31.jar;D:\work\mvn\repo\org\apache\tomcat\embed\tomcat-embed-el\8.5.31\tomcat-embed-el-8.5.31.jar;D:\work\mvn\repo\org\apache\tomcat\embed\tomcat-embed-websocket\8.5.31\tomcat-embed-websocket-8.5.31.jar;D:\work\mvn\repo\org\hibernate\validator\hibernate-validator\6.0.9.Final\hibernate-validator-6.0.9.Final.jar;D:\work\mvn\repo\javax\validation\validation-api\2.0.1.Final\validation-api-2.0.1.Final.jar;D:\work\mvn\repo\org\jboss\logging\jboss-logging\3.3.2.Final\jboss-logging-3.3.2.Final.jar;D:\work\mvn\repo\com\fasterxml\classmate\1.3.4\classmate-1.3.4.jar;D:\work\mvn\repo\org\springframework\spring-web\5.0.6.RELEASE\spring-web-5.0.6.RELEASE.jar;D:\work\mvn\repo\org\springframework\spring-webmvc\5.0.6.RELEASE\spring-webmvc-5.0.6.RELEASE.jar;D:\work\mvn\repo\org\springframework\boot\spring-boot-starter-actuator\2.0.2.RELEASE\spring-boot-starter-actuator-2.0.2.RELEASE.jar;D:\work\mvn\repo\org\springframework\boot\spring-boot-actuator-autoconfigure\2.0.2.RELEASE\spring-boot-actuator-autoconfigure-2.0.2.RELEASE.jar;D:\work\mvn\repo\org\springframework\boot\spring-boot-actuator\2.0.2.RELEASE\spring-boot-actuator-2.0.2.RELEASE.jar;D:\work\mvn\repo\io\micrometer\micrometer-core\1.0.4\micrometer-core-1.0.4.jar;D:\work\mvn\repo\org\hdrhistogram\HdrHistogram\2.1.10\HdrHistogram-2.1.10.jar;D:\work\mvn\repo\org\latencyutils\LatencyUtils\2.0.3\LatencyUtils-2.0.3.jar;D:\work\mvn\repo\org\springframework\boot\spring-boot-starter-freemarker\2.0.2.RELEASE\spring-boot-starter-freemarker-2.0.2.RELEASE.jar;D:\work\mvn\repo\org\freemarker\freemarker\2.3.28\freemarker-2.3.28.jar;D:\work\mvn\repo\org\springframework\spring-context-support\5.0.6.RELEASE\spring-context-support-5.0.6.RELEASE.jar;D:\work\mvn\repo\org\springframework\cloud\spring-cloud-netflix-core\1.2.5.RELEASE\spring-cloud-netflix-core-1.2.5.RELEASE.jar;D:\work\mvn\repo\org\springframework\cloud\spring-cloud-netflix-eureka-client\1.2.5.RELEASE\spring-cloud-netflix-eureka-client-1.2.5.RELEASE.jar;D:\work\mvn\repo\com\netflix\eureka\eureka-client\1.4.12\eureka-client-1.4.12.jar;D:\work\mvn\repo\org\codehaus\jettison\jettison\1.3.7\jettison-1.3.7.jar;D:\work\mvn\repo\stax\stax-api\1.0.1\stax-api-1.0.1.jar;D:\work\mvn\repo\com\netflix\netflix-commons\netflix-eventbus\0.3.0\netflix-eventbus-0.3.0.jar;D:\work\mvn\repo\com\netflix\netflix-commons\netflix-infix\0.3.0\netflix-infix-0.3.0.jar;D:\work\mvn\repo\commons-jxpath\commons-jxpath\1.3\commons-jxpath-1.3.jar;D:\work\mvn\repo\joda-time\joda-time\2.9.9\joda-time-2.9.9.jar;D:\work\mvn\repo\org\antlr\antlr-runtime\3.4\antlr-runtime-3.4.jar;D:\work\mvn\repo\org\antlr\stringtemplate\3.2.1\stringtemplate-3.2.1.jar;D:\work\mvn\repo\antlr\antlr\2.7.7\antlr-2.7.7.jar;D:\work\mvn\repo\com\google\code\gson\gson\2.8.4\gson-2.8.4.jar;D:\work\mvn\repo\org\apache\commons\commons-math\2.2\commons-math-2.2.jar;D:\work\mvn\repo\javax\ws\rs\jsr311-api\1.1.1\jsr311-api-1.1.1.jar;D:\work\mvn\repo\com\netflix\servo\servo-core\0.10.1\servo-core-0.10.1.jar;D:\work\mvn\repo\com\netflix\servo\servo-internal\0.10.1\servo-internal-0.10.1.jar;D:\work\mvn\repo\com\sun\jersey\jersey-core\1.19.1\jersey-core-1.19.1.jar;D:\work\mvn\repo\com\sun\jersey\jersey-client\1.19.1\jersey-client-1.19.1.jar;D:\work\mvn\repo\com\sun\jersey\contribs\jersey-apache-client4\1.19.1\jersey-apache-client4-1.19.1.jar;D:\work\mvn\repo\org\apache\httpcomponents\httpclient\4.5.5\httpclient-4.5.5.jar;D:\work\mvn\repo\org\apache\httpcomponents\httpcore\4.4.9\httpcore-4.4.9.jar;D:\work\mvn\repo\commons-codec\commons-codec\1.11\commons-codec-1.11.jar;D:\work\mvn\repo\com\google\inject\guice\4.0\guice-4.0.jar;D:\work\mvn\repo\aopalliance\aopalliance\1.0\aopalliance-1.0.jar;D:\work\mvn\repo\com\netflix\governator\governator-api\1.12.10\governator-api-1.12.10.jar;D:\work\mvn\repo\com\sun\jersey\jersey-servlet\1.19.1\jersey-servlet-1.19.1.jar;D:\work\mvn\repo\com\sun\jersey\jersey-server\1.19.1\jersey-server-1.19.1.jar;D:\work\mvn\repo\com\netflix\eureka\eureka-core\1.4.12\eureka-core-1.4.12.jar;D:\work\mvn\repo\com\netflix\governator\governator\1.12.10\governator-1.12.10.jar;D:\work\mvn\repo\com\netflix\governator\governator-core\1.12.10\governator-core-1.12.10.jar;D:\work\mvn\repo\com\google\inject\extensions\guice-multibindings\4.0\guice-multibindings-4.0.jar;D:\work\mvn\repo\com\google\inject\extensions\guice-grapher\4.0\guice-grapher-4.0.jar;D:\work\mvn\repo\com\google\inject\extensions\guice-assistedinject\4.0\guice-assistedinject-4.0.jar;D:\work\mvn\repo\org\hibernate\hibernate-validator\4.1.0.Final\hibernate-validator-4.1.0.Final.jar;D:\work\mvn\repo\org\codehaus\woodstox\woodstox-core-asl\4.4.1\woodstox-core-asl-4.4.1.jar;D:\work\mvn\repo\javax\xml\stream\stax-api\1.0-2\stax-api-1.0-2.jar;D:\work\mvn\repo\com\netflix\archaius\archaius-core\0.7.4\archaius-core-0.7.4.jar;D:\work\mvn\repo\com\google\code\findbugs\jsr305\3.0.1\jsr305-3.0.1.jar;D:\work\mvn\repo\javax\inject\javax.inject\1\javax.inject-1.jar;D:\work\mvn\repo\com\fasterxml\jackson\dataformat\jackson-dataformat-xml\2.9.5\jackson-dataformat-xml-2.9.5.jar;D:\work\mvn\repo\com\fasterxml\jackson\module\jackson-module-jaxb-annotations\2.9.5\jackson-module-jaxb-annotations-2.9.5.jar;D:\work\mvn\repo\org\codehaus\woodstox\stax2-api\3.1.4\stax2-api-3.1.4.jar;D:\work\mvn\repo\com\fasterxml\woodstox\woodstox-core\5.0.3\woodstox-core-5.0.3.jar;D:\work\mvn\repo\com\thoughtworks\xstream\xstream\1.4.9\xstream-1.4.9.jar;D:\work\mvn\repo\xmlpull\xmlpull\1.1.3.1\xmlpull-1.1.3.1.jar;D:\work\mvn\repo\xpp3\xpp3_min\1.1.4c\xpp3_min-1.1.4c.jar;D:\work\mvn\repo\org\springframework\cloud\spring-cloud-starter-archaius\1.2.5.RELEASE\spring-cloud-starter-archaius-1.2.5.RELEASE.jar;D:\work\mvn\repo\commons-configuration\commons-configuration\1.8\commons-configuration-1.8.jar;D:\work\mvn\repo\commons-lang\commons-lang\2.6\commons-lang-2.6.jar;D:\work\mvn\repo\com\fasterxml\jackson\core\jackson-annotations\2.9.0\jackson-annotations-2.9.0.jar;D:\work\mvn\repo\com\fasterxml\jackson\core\jackson-core\2.9.5\jackson-core-2.9.5.jar;D:\work\mvn\repo\com\fasterxml\jackson\core\jackson-databind\2.9.5\jackson-databind-2.9.5.jar;D:\work\mvn\repo\com\google\guava\guava\18.0\guava-18.0.jar;D:\work\mvn\repo\org\springframework\cloud\spring-cloud-starter-ribbon\1.2.5.RELEASE\spring-cloud-starter-ribbon-1.2.5.RELEASE.jar;D:\work\mvn\repo\org\springframework\boot\spring-boot-starter-aop\2.0.2.RELEASE\spring-boot-starter-aop-2.0.2.RELEASE.jar;D:\work\mvn\repo\org\springframework\spring-aop\5.0.6.RELEASE\spring-aop-5.0.6.RELEASE.jar;D:\work\mvn\repo\org\aspectj\aspectjweaver\1.8.13\aspectjweaver-1.8.13.jar;D:\work\mvn\repo\org\springframework\retry\spring-retry\1.2.2.RELEASE\spring-retry-1.2.2.RELEASE.jar;D:\work\mvn\repo\com\netflix\ribbon\ribbon\2.2.0\ribbon-2.2.0.jar;D:\work\mvn\repo\com\netflix\ribbon\ribbon-transport\2.2.0\ribbon-transport-2.2.0.jar;D:\work\mvn\repo\io\reactivex\rxnetty-contexts\0.4.9\rxnetty-contexts-0.4.9.jar;D:\work\mvn\repo\io\reactivex\rxnetty-servo\0.4.9\rxnetty-servo-0.4.9.jar;D:\work\mvn\repo\com\netflix\hystrix\hystrix-core\1.5.6\hystrix-core-1.5.6.jar;D:\work\mvn\repo\io\reactivex\rxnetty\0.4.9\rxnetty-0.4.9.jar;D:\work\mvn\repo\io\netty\netty-codec-http\4.1.24.Final\netty-codec-http-4.1.24.Final.jar;D:\work\mvn\repo\io\netty\netty-codec\4.1.24.Final\netty-codec-4.1.24.Final.jar;D:\work\mvn\repo\io\netty\netty-transport-native-epoll\4.1.24.Final\netty-transport-native-epoll-4.1.24.Final.jar;D:\work\mvn\repo\io\netty\netty-common\4.1.24.Final\netty-common-4.1.24.Final.jar;D:\work\mvn\repo\io\netty\netty-buffer\4.1.24.Final\netty-buffer-4.1.24.Final.jar;D:\work\mvn\repo\io\netty\netty-transport-native-unix-common\4.1.24.Final\netty-transport-native-unix-common-4.1.24.Final.jar;D:\work\mvn\repo\io\netty\netty-transport\4.1.24.Final\netty-transport-4.1.24.Final.jar;D:\work\mvn\repo\io\netty\netty-resolver\4.1.24.Final\netty-resolver-4.1.24.Final.jar;D:\work\mvn\repo\com\netflix\ribbon\ribbon-core\2.2.0\ribbon-core-2.2.0.jar;D:\work\mvn\repo\com\netflix\ribbon\ribbon-httpclient\2.2.0\ribbon-httpclient-2.2.0.jar;D:\work\mvn\repo\commons-collections\commons-collections\3.2.1\commons-collections-3.2.1.jar;D:\work\mvn\repo\com\netflix\netflix-commons\netflix-commons-util\0.1.1\netflix-commons-util-0.1.1.jar;D:\work\mvn\repo\com\netflix\ribbon\ribbon-loadbalancer\2.2.0\ribbon-loadbalancer-2.2.0.jar;D:\work\mvn\repo\com\netflix\netflix-commons\netflix-statistics\0.1.1\netflix-statistics-0.1.1.jar;D:\work\mvn\repo\io\reactivex\rxjava\1.3.8\rxjava-1.3.8.jar;D:\work\mvn\repo\com\netflix\ribbon\ribbon-eureka\2.2.0\ribbon-eureka-2.2.0.jar;"/>
    <property name="java.vm.vendor" value="Oracle Corporation"/>
    <property name="sun.arch.data.model" value="64"/>
    <property name="user.variant" value=""/>
    <property name="java.vendor.url" value="http://java.oracle.com/"/>
    <property name="user.timezone" value="Asia/Shanghai"/>
    <property name="java.vm.specification.version" value="1.8"/>
    <property name="os.name" value="Windows 7"/>
    <property name="user.country" value="CN"/>
    <property name="sun.java.launcher" value="SUN_STANDARD"/>
    <property name="sun.boot.library.path" value="D:\install\tools\dev\jdk\jre\bin"/>
    <property name="sun.java.command" value="C:\Users\ADMINI~1\AppData\Local\Temp\surefire6222202690269271250\surefirebooter7115553605366507730.jar C:\Users\Administrator\AppData\Local\Temp\surefire6222202690269271250 2018-05-11T16-35-59_188-jvmRun1 surefire8196705408560427039tmp surefire_08976052283196382806tmp"/>
    <property name="surefire.test.class.path" value="D:\work\dev\test\nynui-parent\nynui-springboot-eurekaServer\target\test-classes;D:\work\dev\test\nynui-parent\nynui-springboot-eurekaServer\target\classes;D:\work\mvn\repo\org\springframework\boot\spring-boot-starter-test\2.0.2.RELEASE\spring-boot-starter-test-2.0.2.RELEASE.jar;D:\work\mvn\repo\org\springframework\boot\spring-boot-starter\2.0.2.RELEASE\spring-boot-starter-2.0.2.RELEASE.jar;D:\work\mvn\repo\org\springframework\boot\spring-boot\2.0.2.RELEASE\spring-boot-2.0.2.RELEASE.jar;D:\work\mvn\repo\org\springframework\spring-context\5.0.6.RELEASE\spring-context-5.0.6.RELEASE.jar;D:\work\mvn\repo\org\springframework\spring-beans\5.0.6.RELEASE\spring-beans-5.0.6.RELEASE.jar;D:\work\mvn\repo\org\springframework\spring-expression\5.0.6.RELEASE\spring-expression-5.0.6.RELEASE.jar;D:\work\mvn\repo\org\springframework\boot\spring-boot-autoconfigure\2.0.2.RELEASE\spring-boot-autoconfigure-2.0.2.RELEASE.jar;D:\work\mvn\repo\org\springframework\boot\spring-boot-starter-logging\2.0.2.RELEASE\spring-boot-starter-logging-2.0.2.RELEASE.jar;D:\work\mvn\repo\ch\qos\logback\logback-classic\1.2.3\logback-classic-1.2.3.jar;D:\work\mvn\repo\ch\qos\logback\logback-core\1.2.3\logback-core-1.2.3.jar;D:\work\mvn\repo\org\apache\logging\log4j\log4j-to-slf4j\2.10.0\log4j-to-slf4j-2.10.0.jar;D:\work\mvn\repo\org\apache\logging\log4j\log4j-api\2.10.0\log4j-api-2.10.0.jar;D:\work\mvn\repo\org\slf4j\jul-to-slf4j\1.7.25\jul-to-slf4j-1.7.25.jar;D:\work\mvn\repo\javax\annotation\javax.annotation-api\1.3.2\javax.annotation-api-1.3.2.jar;D:\work\mvn\repo\org\yaml\snakeyaml\1.19\snakeyaml-1.19.jar;D:\work\mvn\repo\org\springframework\boot\spring-boot-test\2.0.2.RELEASE\spring-boot-test-2.0.2.RELEASE.jar;D:\work\mvn\repo\org\springframework\boot\spring-boot-test-autoconfigure\2.0.2.RELEASE\spring-boot-test-autoconfigure-2.0.2.RELEASE.jar;D:\work\mvn\repo\com\jayway\jsonpath\json-path\2.4.0\json-path-2.4.0.jar;D:\work\mvn\repo\net\minidev\json-smart\2.3\json-smart-2.3.jar;D:\work\mvn\repo\net\minidev\accessors-smart\1.2\accessors-smart-1.2.jar;D:\work\mvn\repo\org\ow2\asm\asm\5.0.4\asm-5.0.4.jar;D:\work\mvn\repo\org\slf4j\slf4j-api\1.7.25\slf4j-api-1.7.25.jar;D:\work\mvn\repo\junit\junit\4.12\junit-4.12.jar;D:\work\mvn\repo\org\assertj\assertj-core\3.9.1\assertj-core-3.9.1.jar;D:\work\mvn\repo\org\mockito\mockito-core\2.15.0\mockito-core-2.15.0.jar;D:\work\mvn\repo\net\bytebuddy\byte-buddy\1.7.11\byte-buddy-1.7.11.jar;D:\work\mvn\repo\net\bytebuddy\byte-buddy-agent\1.7.11\byte-buddy-agent-1.7.11.jar;D:\work\mvn\repo\org\objenesis\objenesis\2.6\objenesis-2.6.jar;D:\work\mvn\repo\org\hamcrest\hamcrest-core\1.3\hamcrest-core-1.3.jar;D:\work\mvn\repo\org\hamcrest\hamcrest-library\1.3\hamcrest-library-1.3.jar;D:\work\mvn\repo\org\skyscreamer\jsonassert\1.5.0\jsonassert-1.5.0.jar;D:\work\mvn\repo\com\vaadin\external\google\android-json\0.0.20131108.vaadin1\android-json-0.0.20131108.vaadin1.jar;D:\work\mvn\repo\org\springframework\spring-core\5.0.6.RELEASE\spring-core-5.0.6.RELEASE.jar;D:\work\mvn\repo\org\springframework\spring-jcl\5.0.6.RELEASE\spring-jcl-5.0.6.RELEASE.jar;D:\work\mvn\repo\org\springframework\spring-test\5.0.6.RELEASE\spring-test-5.0.6.RELEASE.jar;D:\work\mvn\repo\org\xmlunit\xmlunit-core\2.5.1\xmlunit-core-2.5.1.jar;D:\work\mvn\repo\org\springframework\cloud\spring-cloud-starter-eureka-server\1.2.5.RELEASE\spring-cloud-starter-eureka-server-1.2.5.RELEASE.jar;D:\work\mvn\repo\org\springframework\cloud\spring-cloud-starter\1.1.7.RELEASE\spring-cloud-starter-1.1.7.RELEASE.jar;D:\work\mvn\repo\org\springframework\cloud\spring-cloud-context\1.1.7.RELEASE\spring-cloud-context-1.1.7.RELEASE.jar;D:\work\mvn\repo\org\springframework\security\spring-security-crypto\5.0.5.RELEASE\spring-security-crypto-5.0.5.RELEASE.jar;D:\work\mvn\repo\org\springframework\cloud\spring-cloud-commons\1.1.7.RELEASE\spring-cloud-commons-1.1.7.RELEASE.jar;D:\work\mvn\repo\org\springframework\security\spring-security-rsa\1.0.3.RELEASE\spring-security-rsa-1.0.3.RELEASE.jar;D:\work\mvn\repo\org\bouncycastle\bcpkix-jdk15on\1.55\bcpkix-jdk15on-1.55.jar;D:\work\mvn\repo\org\bouncycastle\bcprov-jdk15on\1.55\bcprov-jdk15on-1.55.jar;D:\work\mvn\repo\org\springframework\cloud\spring-cloud-netflix-eureka-server\1.2.5.RELEASE\spring-cloud-netflix-eureka-server-1.2.5.RELEASE.jar;D:\work\mvn\repo\org\springframework\boot\spring-boot-starter-web\2.0.2.RELEASE\spring-boot-starter-web-2.0.2.RELEASE.jar;D:\work\mvn\repo\org\springframework\boot\spring-boot-starter-json\2.0.2.RELEASE\spring-boot-starter-json-2.0.2.RELEASE.jar;D:\work\mvn\repo\com\fasterxml\jackson\datatype\jackson-datatype-jdk8\2.9.5\jackson-datatype-jdk8-2.9.5.jar;D:\work\mvn\repo\com\fasterxml\jackson\datatype\jackson-datatype-jsr310\2.9.5\jackson-datatype-jsr310-2.9.5.jar;D:\work\mvn\repo\com\fasterxml\jackson\module\jackson-module-parameter-names\2.9.5\jackson-module-parameter-names-2.9.5.jar;D:\work\mvn\repo\org\springframework\boot\spring-boot-starter-tomcat\2.0.2.RELEASE\spring-boot-starter-tomcat-2.0.2.RELEASE.jar;D:\work\mvn\repo\org\apache\tomcat\embed\tomcat-embed-core\8.5.31\tomcat-embed-core-8.5.31.jar;D:\work\mvn\repo\org\apache\tomcat\embed\tomcat-embed-el\8.5.31\tomcat-embed-el-8.5.31.jar;D:\work\mvn\repo\org\apache\tomcat\embed\tomcat-embed-websocket\8.5.31\tomcat-embed-websocket-8.5.31.jar;D:\work\mvn\repo\org\hibernate\validator\hibernate-validator\6.0.9.Final\hibernate-validator-6.0.9.Final.jar;D:\work\mvn\repo\javax\validation\validation-api\2.0.1.Final\validation-api-2.0.1.Final.jar;D:\work\mvn\repo\org\jboss\logging\jboss-logging\3.3.2.Final\jboss-logging-3.3.2.Final.jar;D:\work\mvn\repo\com\fasterxml\classmate\1.3.4\classmate-1.3.4.jar;D:\work\mvn\repo\org\springframework\spring-web\5.0.6.RELEASE\spring-web-5.0.6.RELEASE.jar;D:\work\mvn\repo\org\springframework\spring-webmvc\5.0.6.RELEASE\spring-webmvc-5.0.6.RELEASE.jar;D:\work\mvn\repo\org\springframework\boot\spring-boot-starter-actuator\2.0.2.RELEASE\spring-boot-starter-actuator-2.0.2.RELEASE.jar;D:\work\mvn\repo\org\springframework\boot\spring-boot-actuator-autoconfigure\2.0.2.RELEASE\spring-boot-actuator-autoconfigure-2.0.2.RELEASE.jar;D:\work\mvn\repo\org\springframework\boot\spring-boot-actuator\2.0.2.RELEASE\spring-boot-actuator-2.0.2.RELEASE.jar;D:\work\mvn\repo\io\micrometer\micrometer-core\1.0.4\micrometer-core-1.0.4.jar;D:\work\mvn\repo\org\hdrhistogram\HdrHistogram\2.1.10\HdrHistogram-2.1.10.jar;D:\work\mvn\repo\org\latencyutils\LatencyUtils\2.0.3\LatencyUtils-2.0.3.jar;D:\work\mvn\repo\org\springframework\boot\spring-boot-starter-freemarker\2.0.2.RELEASE\spring-boot-starter-freemarker-2.0.2.RELEASE.jar;D:\work\mvn\repo\org\freemarker\freemarker\2.3.28\freemarker-2.3.28.jar;D:\work\mvn\repo\org\springframework\spring-context-support\5.0.6.RELEASE\spring-context-support-5.0.6.RELEASE.jar;D:\work\mvn\repo\org\springframework\cloud\spring-cloud-netflix-core\1.2.5.RELEASE\spring-cloud-netflix-core-1.2.5.RELEASE.jar;D:\work\mvn\repo\org\springframework\cloud\spring-cloud-netflix-eureka-client\1.2.5.RELEASE\spring-cloud-netflix-eureka-client-1.2.5.RELEASE.jar;D:\work\mvn\repo\com\netflix\eureka\eureka-client\1.4.12\eureka-client-1.4.12.jar;D:\work\mvn\repo\org\codehaus\jettison\jettison\1.3.7\jettison-1.3.7.jar;D:\work\mvn\repo\stax\stax-api\1.0.1\stax-api-1.0.1.jar;D:\work\mvn\repo\com\netflix\netflix-commons\netflix-eventbus\0.3.0\netflix-eventbus-0.3.0.jar;D:\work\mvn\repo\com\netflix\netflix-commons\netflix-infix\0.3.0\netflix-infix-0.3.0.jar;D:\work\mvn\repo\commons-jxpath\commons-jxpath\1.3\commons-jxpath-1.3.jar;D:\work\mvn\repo\joda-time\joda-time\2.9.9\joda-time-2.9.9.jar;D:\work\mvn\repo\org\antlr\antlr-runtime\3.4\antlr-runtime-3.4.jar;D:\work\mvn\repo\org\antlr\stringtemplate\3.2.1\stringtemplate-3.2.1.jar;D:\work\mvn\repo\antlr\antlr\2.7.7\antlr-2.7.7.jar;D:\work\mvn\repo\com\google\code\gson\gson\2.8.4\gson-2.8.4.jar;D:\work\mvn\repo\org\apache\commons\commons-math\2.2\commons-math-2.2.jar;D:\work\mvn\repo\javax\ws\rs\jsr311-api\1.1.1\jsr311-api-1.1.1.jar;D:\work\mvn\repo\com\netflix\servo\servo-core\0.10.1\servo-core-0.10.1.jar;D:\work\mvn\repo\com\netflix\servo\servo-internal\0.10.1\servo-internal-0.10.1.jar;D:\work\mvn\repo\com\sun\jersey\jersey-core\1.19.1\jersey-core-1.19.1.jar;D:\work\mvn\repo\com\sun\jersey\jersey-client\1.19.1\jersey-client-1.19.1.jar;D:\work\mvn\repo\com\sun\jersey\contribs\jersey-apache-client4\1.19.1\jersey-apache-client4-1.19.1.jar;D:\work\mvn\repo\org\apache\httpcomponents\httpclient\4.5.5\httpclient-4.5.5.jar;D:\work\mvn\repo\org\apache\httpcomponents\httpcore\4.4.9\httpcore-4.4.9.jar;D:\work\mvn\repo\commons-codec\commons-codec\1.11\commons-codec-1.11.jar;D:\work\mvn\repo\com\google\inject\guice\4.0\guice-4.0.jar;D:\work\mvn\repo\aopalliance\aopalliance\1.0\aopalliance-1.0.jar;D:\work\mvn\repo\com\netflix\governator\governator-api\1.12.10\governator-api-1.12.10.jar;D:\work\mvn\repo\com\sun\jersey\jersey-servlet\1.19.1\jersey-servlet-1.19.1.jar;D:\work\mvn\repo\com\sun\jersey\jersey-server\1.19.1\jersey-server-1.19.1.jar;D:\work\mvn\repo\com\netflix\eureka\eureka-core\1.4.12\eureka-core-1.4.12.jar;D:\work\mvn\repo\com\netflix\governator\governator\1.12.10\governator-1.12.10.jar;D:\work\mvn\repo\com\netflix\governator\governator-core\1.12.10\governator-core-1.12.10.jar;D:\work\mvn\repo\com\google\inject\extensions\guice-multibindings\4.0\guice-multibindings-4.0.jar;D:\work\mvn\repo\com\google\inject\extensions\guice-grapher\4.0\guice-grapher-4.0.jar;D:\work\mvn\repo\com\google\inject\extensions\guice-assistedinject\4.0\guice-assistedinject-4.0.jar;D:\work\mvn\repo\org\hibernate\hibernate-validator\4.1.0.Final\hibernate-validator-4.1.0.Final.jar;D:\work\mvn\repo\org\codehaus\woodstox\woodstox-core-asl\4.4.1\woodstox-core-asl-4.4.1.jar;D:\work\mvn\repo\javax\xml\stream\stax-api\1.0-2\stax-api-1.0-2.jar;D:\work\mvn\repo\com\netflix\archaius\archaius-core\0.7.4\archaius-core-0.7.4.jar;D:\work\mvn\repo\com\google\code\findbugs\jsr305\3.0.1\jsr305-3.0.1.jar;D:\work\mvn\repo\javax\inject\javax.inject\1\javax.inject-1.jar;D:\work\mvn\repo\com\fasterxml\jackson\dataformat\jackson-dataformat-xml\2.9.5\jackson-dataformat-xml-2.9.5.jar;D:\work\mvn\repo\com\fasterxml\jackson\module\jackson-module-jaxb-annotations\2.9.5\jackson-module-jaxb-annotations-2.9.5.jar;D:\work\mvn\repo\org\codehaus\woodstox\stax2-api\3.1.4\stax2-api-3.1.4.jar;D:\work\mvn\repo\com\fasterxml\woodstox\woodstox-core\5.0.3\woodstox-core-5.0.3.jar;D:\work\mvn\repo\com\thoughtworks\xstream\xstream\1.4.9\xstream-1.4.9.jar;D:\work\mvn\repo\xmlpull\xmlpull\1.1.3.1\xmlpull-1.1.3.1.jar;D:\work\mvn\repo\xpp3\xpp3_min\1.1.4c\xpp3_min-1.1.4c.jar;D:\work\mvn\repo\org\springframework\cloud\spring-cloud-starter-archaius\1.2.5.RELEASE\spring-cloud-starter-archaius-1.2.5.RELEASE.jar;D:\work\mvn\repo\commons-configuration\commons-configuration\1.8\commons-configuration-1.8.jar;D:\work\mvn\repo\commons-lang\commons-lang\2.6\commons-lang-2.6.jar;D:\work\mvn\repo\com\fasterxml\jackson\core\jackson-annotations\2.9.0\jackson-annotations-2.9.0.jar;D:\work\mvn\repo\com\fasterxml\jackson\core\jackson-core\2.9.5\jackson-core-2.9.5.jar;D:\work\mvn\repo\com\fasterxml\jackson\core\jackson-databind\2.9.5\jackson-databind-2.9.5.jar;D:\work\mvn\repo\com\google\guava\guava\18.0\guava-18.0.jar;D:\work\mvn\repo\org\springframework\cloud\spring-cloud-starter-ribbon\1.2.5.RELEASE\spring-cloud-starter-ribbon-1.2.5.RELEASE.jar;D:\work\mvn\repo\org\springframework\boot\spring-boot-starter-aop\2.0.2.RELEASE\spring-boot-starter-aop-2.0.2.RELEASE.jar;D:\work\mvn\repo\org\springframework\spring-aop\5.0.6.RELEASE\spring-aop-5.0.6.RELEASE.jar;D:\work\mvn\repo\org\aspectj\aspectjweaver\1.8.13\aspectjweaver-1.8.13.jar;D:\work\mvn\repo\org\springframework\retry\spring-retry\1.2.2.RELEASE\spring-retry-1.2.2.RELEASE.jar;D:\work\mvn\repo\com\netflix\ribbon\ribbon\2.2.0\ribbon-2.2.0.jar;D:\work\mvn\repo\com\netflix\ribbon\ribbon-transport\2.2.0\ribbon-transport-2.2.0.jar;D:\work\mvn\repo\io\reactivex\rxnetty-contexts\0.4.9\rxnetty-contexts-0.4.9.jar;D:\work\mvn\repo\io\reactivex\rxnetty-servo\0.4.9\rxnetty-servo-0.4.9.jar;D:\work\mvn\repo\com\netflix\hystrix\hystrix-core\1.5.6\hystrix-core-1.5.6.jar;D:\work\mvn\repo\io\reactivex\rxnetty\0.4.9\rxnetty-0.4.9.jar;D:\work\mvn\repo\io\netty\netty-codec-http\4.1.24.Final\netty-codec-http-4.1.24.Final.jar;D:\work\mvn\repo\io\netty\netty-codec\4.1.24.Final\netty-codec-4.1.24.Final.jar;D:\work\mvn\repo\io\netty\netty-transport-native-epoll\4.1.24.Final\netty-transport-native-epoll-4.1.24.Final.jar;D:\work\mvn\repo\io\netty\netty-common\4.1.24.Final\netty-common-4.1.24.Final.jar;D:\work\mvn\repo\io\netty\netty-buffer\4.1.24.Final\netty-buffer-4.1.24.Final.jar;D:\work\mvn\repo\io\netty\netty-transport-native-unix-common\4.1.24.Final\netty-transport-native-unix-common-4.1.24.Final.jar;D:\work\mvn\repo\io\netty\netty-transport\4.1.24.Final\netty-transport-4.1.24.Final.jar;D:\work\mvn\repo\io\netty\netty-resolver\4.1.24.Final\netty-resolver-4.1.24.Final.jar;D:\work\mvn\repo\com\netflix\ribbon\ribbon-core\2.2.0\ribbon-core-2.2.0.jar;D:\work\mvn\repo\com\netflix\ribbon\ribbon-httpclient\2.2.0\ribbon-httpclient-2.2.0.jar;D:\work\mvn\repo\commons-collections\commons-collections\3.2.1\commons-collections-3.2.1.jar;D:\work\mvn\repo\com\netflix\netflix-commons\netflix-commons-util\0.1.1\netflix-commons-util-0.1.1.jar;D:\work\mvn\repo\com\netflix\ribbon\ribbon-loadbalancer\2.2.0\ribbon-loadbalancer-2.2.0.jar;D:\work\mvn\repo\com\netflix\netflix-commons\netflix-statistics\0.1.1\netflix-statistics-0.1.1.jar;D:\work\mvn\repo\io\reactivex\rxjava\1.3.8\rxjava-1.3.8.jar;D:\work\mvn\repo\com\netflix\ribbon\ribbon-eureka\2.2.0\ribbon-eureka-2.2.0.jar;"/>
    <property name="sun.cpu.endian" value="little"/>
    <property name="user.home" value="C:\Users\Administrator"/>
    <property name="user.language" value="zh"/>
    <property name="java.specification.vendor" value="Oracle Corporation"/>
    <property name="java.home" value="D:\install\tools\dev\jdk\jre"/>
    <property name="basedir" value="D:\work\dev\test\nynui-parent\nynui-springboot-eurekaServer"/>
    <property name="file.separator" value="\"/>
    <property name="line.separator" value="&#10;"/>
    <property name="java.vm.specification.vendor" value="Oracle Corporation"/>
    <property name="java.specification.name" value="Java Platform API Specification"/>
    <property name="java.awt.graphicsenv" value="sun.awt.Win32GraphicsEnvironment"/>
    <property name="surefire.real.class.path" value="C:\Users\ADMINI~1\AppData\Local\Temp\surefire6222202690269271250\surefirebooter7115553605366507730.jar"/>
    <property name="sun.boot.class.path" value="D:\install\tools\dev\jdk\jre\lib\resources.jar;D:\install\tools\dev\jdk\jre\lib\rt.jar;D:\install\tools\dev\jdk\jre\lib\sunrsasign.jar;D:\install\tools\dev\jdk\jre\lib\jsse.jar;D:\install\tools\dev\jdk\jre\lib\jce.jar;D:\install\tools\dev\jdk\jre\lib\charsets.jar;D:\install\tools\dev\jdk\jre\lib\jfr.jar;D:\install\tools\dev\jdk\jre\classes"/>
    <property name="user.script" value=""/>
    <property name="sun.management.compiler" value="HotSpot 64-Bit Tiered Compilers"/>
    <property name="java.runtime.version" value="1.8.0_40-b25"/>
    <property name="user.name" value="Administrator"/>
    <property name="path.separator" value=";"/>
    <property name="os.version" value="6.1"/>
    <property name="java.endorsed.dirs" value="D:\install\tools\dev\jdk\jre\lib\endorsed"/>
    <property name="java.runtime.name" value="Java(TM) SE Runtime Environment"/>
    <property name="file.encoding" value="GBK"/>
    <property name="java.vm.name" value="Java HotSpot(TM) 64-Bit Server VM"/>
    <property name="localRepository" value="D:\work\mvn\repo"/>
    <property name="java.vendor.url.bug" value="http://bugreport.sun.com/bugreport/"/>
    <property name="java.io.tmpdir" value="C:\Users\ADMINI~1\AppData\Local\Temp\"/>
    <property name="java.version" value="1.8.0_40"/>
    <property name="user.dir" value="D:\work\dev\test\nynui-parent\nynui-springboot-eurekaServer"/>
    <property name="os.arch" value="amd64"/>
    <property name="java.vm.specification.name" value="Java Virtual Machine Specification"/>
    <property name="java.awt.printerjob" value="sun.awt.windows.WPrinterJob"/>
    <property name="sun.os.patch.level" value="Service Pack 1"/>
    <property name="java.library.path" value="D:\install\tools\dev\jdk\jre\bin;C:\Windows\Sun\Java\bin;C:\Windows\system32;C:\Windows;C:/Program Files/Java/jre1.8.0_40/bin/server;C:/Program Files/Java/jre1.8.0_40/bin;C:/Program Files/Java/jre1.8.0_40/lib/amd64;D:\Program Files\RabbitMQ Server\rabbitmq_server-3.7.4\sbin;d:\Program Files\erl9.3\bin;D:\install\tools\dev\apache-maven-3.3.9\bin;C:\Program Files\Java\jre1.8.0_40\bin;C:\Program Files\Java\jre1.8.0_40\jre\bin;C:\ProgramData\Oracle\Java\javapath;C:\Windows\system32;C:\Windows;C:\Windows\System32\Wbem;C:\Windows\System32\WindowsPowerShell\v1.0\;d:\Program Files\Git\cmd;D:\Program Files\TortoiseGit\bin;D:\Program Files\nodejs\;C:\Users\Administrator\AppData\Roaming\npm;D:\install\tools\dev\eclipse-jee-neon-RC3-win32-x86_64\eclipse;;."/>
    <property name="java.vm.info" value="mixed mode"/>
    <property name="java.vendor" value="Oracle Corporation"/>
    <property name="java.vm.version" value="25.40-b25"/>
    <property name="java.ext.dirs" value="D:\install\tools\dev\jdk\jre\lib\ext;C:\Windows\Sun\Java\lib\ext"/>
    <property name="sun.io.unicode.encoding" value="UnicodeLittle"/>
    <property name="java.class.version" value="52.0"/>
  </properties>
  <testcase name="testApp" classname="org.nynui.springboot.eurekaServer.AppTest" time="0"/>
</testsuite>